<?xml version="1.0" encoding="UTF-8"?>
<!-- Generated by org.testng.reporters.JUnitXMLReporter -->
<testsuite hostname="PG027ZZL" ignored="0" name="Default test" tests="3" failures="0" timestamp="27 Jun 2021 13:04:10 GMT" time="36.747" errors="0">
  <testcase name="verifyAllImportantElementsOnPage" time="0.171" classname="com.fashioncloud.tests.EndToEndTest"/>
  <testcase name="addItemsToListAndVerify" time="0.496" classname="com.fashioncloud.tests.EndToEndTest"/>
  <testcase name="RemoveItemsFromListAndVerify" time="30.256" classname="com.fashioncloud.tests.EndToEndTest"/>
</testsuite> <!-- Default test -->
