<?xml version="1.0" encoding="UTF-8"?>
<!-- Generated by org.testng.reporters.JUnitXMLReporter -->
<testsuite hostname="PG027ZZL" ignored="0" name="EndToEndTests" tests="3" failures="0" timestamp="27 Jun 2021 13:10:33 GMT" time="34.887" errors="0">
  <testcase name="verifyAllImportantElementsOnPage" time="0.169" classname="com.fashioncloud.tests.EndToEndTest"/>
  <testcase name="addItemsToListAndVerify" time="0.54" classname="com.fashioncloud.tests.EndToEndTest"/>
  <testcase name="removeItemsFromListAndVerify" time="30.271" classname="com.fashioncloud.tests.EndToEndTest"/>
</testsuite> <!-- EndToEndTests -->
