<?xml version="1.0" encoding="UTF-8"?>
<testng-results skipped="0" failed="0" ignored="0" total="3" passed="3">
  <reporter-output>
  </reporter-output>
  <suite name="Suite" duration-ms="34887" started-at="2021-06-27T13:09:58Z" finished-at="2021-06-27T13:10:33Z">
    <groups>
    </groups>
    <test name="EndToEndTests" duration-ms="34887" started-at="2021-06-27T13:09:58Z" finished-at="2021-06-27T13:10:33Z">
      <class name="com.fashioncloud.tests.EndToEndTest">
        <test-method status="PASS" signature="setUp()[pri:0, instance:com.fashioncloud.tests.EndToEndTest@3532ec19]" name="setUp" is-config="true" duration-ms="3019" started-at="2021-06-27T18:39:58Z" finished-at="2021-06-27T18:40:01Z">
          <reporter-output>
          </reporter-output>
        </test-method> <!-- setUp -->
        <test-method status="PASS" signature="verifyAllImportantElementsOnPage()[pri:1, instance:com.fashioncloud.tests.EndToEndTest@3532ec19]" name="verifyAllImportantElementsOnPage" duration-ms="169" started-at="2021-06-27T18:40:01Z" finished-at="2021-06-27T18:40:02Z">
          <reporter-output>
          </reporter-output>
        </test-method> <!-- verifyAllImportantElementsOnPage -->
        <test-method status="PASS" signature="addItemsToListAndVerify()[pri:2, instance:com.fashioncloud.tests.EndToEndTest@3532ec19]" name="addItemsToListAndVerify" duration-ms="540" started-at="2021-06-27T18:40:02Z" finished-at="2021-06-27T18:40:02Z">
          <reporter-output>
          </reporter-output>
        </test-method> <!-- addItemsToListAndVerify -->
        <test-method status="PASS" signature="removeItemsFromListAndVerify()[pri:3, instance:com.fashioncloud.tests.EndToEndTest@3532ec19]" name="removeItemsFromListAndVerify" duration-ms="30271" started-at="2021-06-27T18:40:02Z" finished-at="2021-06-27T18:40:32Z">
          <reporter-output>
          </reporter-output>
        </test-method> <!-- removeItemsFromListAndVerify -->
        <test-method status="PASS" signature="tearDown()[pri:0, instance:com.fashioncloud.tests.EndToEndTest@3532ec19]" name="tearDown" is-config="true" duration-ms="873" started-at="2021-06-27T18:40:32Z" finished-at="2021-06-27T18:40:33Z">
          <reporter-output>
          </reporter-output>
        </test-method> <!-- tearDown -->
      </class> <!-- com.fashioncloud.tests.EndToEndTest -->
    </test> <!-- EndToEndTests -->
  </suite> <!-- Suite -->
</testng-results>
